<?xml version="1.0" encoding="UTF-8"?>
<!-- Generated by org.testng.reporters.JUnitXMLReporter -->
<testsuite ignored="0" hostname="LAPTOP-6LMMRF07" failures="0" tests="4" name="Test" time="33.075" errors="0" timestamp="2024-04-28T12:13:26 IST">
  <testcase classname="tests.TwoTest" name="TestTwo" time="12.595"/>
  <testcase classname="tests.ThreeTest" name="TestThree" time="9.581"/>
  <testcase classname="tests.LoginTest" name="login" time="3.038"/>
  <testcase classname="tests.LoginTest" name="login" time="3.418"/>
</testsuite> <!-- Test -->
