<?xml version="1.0" encoding="UTF-8"?>
<!-- Generated by org.testng.reporters.JUnitXMLReporter -->
<testsuite ignored="0" hostname="LAPTOP-6LMMRF07" failures="1" tests="1" name="ThreeTest" time="10.744" errors="0" timestamp="2024-04-28T12:59:55 IST">
  <testcase classname="tests.ThreeTest" name="TestThree" time="10.315">
    <failure type="java.lang.AssertionError" message="expected [true] but found [false]">
      <![CDATA[java.lang.AssertionError: expected [true] but found [false]
at tests.ThreeTest.TestThree(ThreeTest.java:24)
at java.base/java.util.ArrayList.forEach(ArrayList.java:1511)
at java.base/java.util.concurrent.FutureTask.run(FutureTask.java:264)
at java.base/java.util.concurrent.ThreadPoolExecutor.runWorker(ThreadPoolExecutor.java:1136)
at java.base/java.util.concurrent.ThreadPoolExecutor$Worker.run(ThreadPoolExecutor.java:635)
at java.base/java.lang.Thread.run(Thread.java:840)
... Removed 21 stack frames]]>
    </failure>
  </testcase> <!-- TestThree -->
</testsuite> <!-- ThreeTest -->
