<?xml version="1.0" encoding="UTF-8"?>
<!-- Generated by org.testng.reporters.JUnitXMLReporter -->
<testsuite ignored="0" hostname="LAPTOP-6LMMRF07" failures="0" tests="4" name="Test" time="13.47" errors="0" timestamp="2024-04-28T11:42:24 IST">
  <testcase classname="tests.TwoTest" name="TestTwo" time="0.003"/>
  <testcase classname="tests.ThreeTest" name="TestThree" time="0.0"/>
  <testcase classname="tests.LoginTest" name="login" time="3.273"/>
  <testcase classname="tests.LoginTest" name="login" time="3.362"/>
</testsuite> <!-- Test -->
