<?xml version="1.0" encoding="UTF-8"?>
<testng-results ignored="0" total="4" passed="4" failed="0" skipped="0">
  <reporter-output>
  </reporter-output>
  <suite started-at="2024-04-28T11:42:11 IST" name="Suite" finished-at="2024-04-28T11:42:24 IST" duration-ms="13470">
    <groups>
    </groups>
    <test started-at="2024-04-28T11:42:11 IST" name="Test" finished-at="2024-04-28T11:42:24 IST" duration-ms="13470">
      <class name="tests.LoginTest">
        <test-method is-config="true" signature="openApp()[pri:0, instance:tests.LoginTest@3d5c822d]" started-at="2024-04-28T11:42:11 IST" name="openApp" finished-at="2024-04-28T11:42:15 IST" duration-ms="4270" status="PASS">
          <reporter-output>
          </reporter-output>
        </test-method> <!-- openApp -->
        <test-method signature="login(java.lang.String,java.lang.String,java.lang.String)[pri:0, instance:tests.LoginTest@3d5c822d]" started-at="2024-04-28T11:42:15 IST" name="login" data-provider="getLoginData" finished-at="2024-04-28T11:42:19 IST" duration-ms="3273" status="PASS">
          <params>
            <param index="0">
              <value>
                <![CDATA[aaku@gmail.com]]>
              </value>
            </param>
            <param index="1">
              <value>
                <![CDATA[abc@123]]>
              </value>
            </param>
            <param index="2">
              <value>
                <![CDATA[Failure]]>
              </value>
            </param>
          </params>
          <reporter-output>
          </reporter-output>
        </test-method> <!-- login -->
        <test-method is-config="true" signature="tearDown()[pri:0, instance:tests.LoginTest@3d5c822d]" started-at="2024-04-28T11:42:19 IST" name="tearDown" finished-at="2024-04-28T11:42:19 IST" duration-ms="97" status="PASS">
          <reporter-output>
          </reporter-output>
        </test-method> <!-- tearDown -->
        <test-method is-config="true" signature="openApp()[pri:0, instance:tests.LoginTest@3d5c822d]" started-at="2024-04-28T11:42:19 IST" name="openApp" finished-at="2024-04-28T11:42:21 IST" duration-ms="2272" status="PASS">
          <reporter-output>
          </reporter-output>
        </test-method> <!-- openApp -->
        <test-method signature="login(java.lang.String,java.lang.String,java.lang.String)[pri:0, instance:tests.LoginTest@3d5c822d]" started-at="2024-04-28T11:42:21 IST" name="login" data-provider="getLoginData" finished-at="2024-04-28T11:42:24 IST" duration-ms="3362" status="PASS">
          <params>
            <param index="0">
              <value>
                <![CDATA[aakanksha@yopmail.com]]>
              </value>
            </param>
            <param index="1">
              <value>
                <![CDATA[Abc@123]]>
              </value>
            </param>
            <param index="2">
              <value>
                <![CDATA[Successfull]]>
              </value>
            </param>
          </params>
          <reporter-output>
          </reporter-output>
        </test-method> <!-- login -->
        <test-method is-config="true" signature="tearDown()[pri:0, instance:tests.LoginTest@3d5c822d]" started-at="2024-04-28T11:42:24 IST" name="tearDown" finished-at="2024-04-28T11:42:24 IST" duration-ms="121" status="PASS">
          <reporter-output>
          </reporter-output>
        </test-method> <!-- tearDown -->
      </class> <!-- tests.LoginTest -->
      <class name="tests.ThreeTest">
        <test-method signature="TestThree()[pri:0, instance:tests.ThreeTest@14555e0a]" started-at="2024-04-28T11:42:11 IST" name="TestThree" finished-at="2024-04-28T11:42:11 IST" duration-ms="0" status="PASS">
          <reporter-output>
          </reporter-output>
        </test-method> <!-- TestThree -->
      </class> <!-- tests.ThreeTest -->
      <class name="tests.TwoTest">
        <test-method signature="TestTwo()[pri:0, instance:tests.TwoTest@793be5ca]" started-at="2024-04-28T11:42:11 IST" name="TestTwo" finished-at="2024-04-28T11:42:11 IST" duration-ms="3" status="PASS">
          <reporter-output>
          </reporter-output>
        </test-method> <!-- TestTwo -->
      </class> <!-- tests.TwoTest -->
    </test> <!-- Test -->
  </suite> <!-- Suite -->
</testng-results>
